{"/tmp_amd/glass/export/glass/3/z5280731/COMP1531/project-backend/src/Tests/helperTest.ts": {"path":"/tmp_amd/glass/export/glass/3/z5280731/COMP1531/project-backend/src/Tests/helperTest.ts","statementMap":{"0":{"start":{"line":1,"column":0},"end":{"line":1,"column":35}},"1":{"start":{"line":2,"column":0},"end":{"line":2,"column":36}},"2":{"start":{"line":3,"column":17},"end":{"line":3,"column":33}},"3":{"start":{"line":820,"column":2},"end":{"line":820,"column":10}},"4":{"start":{"line":5,"column":11},"end":{"line":5,"column":14}},"5":{"start":{"line":6,"column":20},"end":{"line":6,"column":23}},"6":{"start":{"line":7,"column":21},"end":{"line":7,"column":24}},"7":{"start":{"line":8,"column":13},"end":{"line":8,"column":24}},"8":{"start":{"line":9,"column":12},"end":{"line":9,"column":22}},"9":{"start":{"line":14,"column":25},"end":{"line":30,"column":1}},"10":{"start":{"line":15,"column":14},"end":{"line":24,"column":null}},"11":{"start":{"line":26,"column":18},"end":{"line":26,"column":48}},"12":{"start":{"line":27,"column":2},"end":{"line":27,"column":43}},"13":{"start":{"line":28,"column":2},"end":{"line":28,"column":71}},"14":{"start":{"line":29,"column":2},"end":{"line":29,"column":17}},"15":{"start":{"line":811,"column":2},"end":{"line":811,"column":18}},"16":{"start":{"line":31,"column":25},"end":{"line":47,"column":1}},"17":{"start":{"line":32,"column":14},"end":{"line":41,"column":null}},"18":{"start":{"line":43,"column":18},"end":{"line":43,"column":48}},"19":{"start":{"line":44,"column":2},"end":{"line":44,"column":44}},"20":{"start":{"line":45,"column":2},"end":{"line":45,"column":71}},"21":{"start":{"line":46,"column":2},"end":{"line":46,"column":17}},"22":{"start":{"line":810,"column":2},"end":{"line":810,"column":18}},"23":{"start":{"line":49,"column":27},"end":{"line":64,"column":1}},"24":{"start":{"line":50,"column":14},"end":{"line":59,"column":null}},"25":{"start":{"line":61,"column":18},"end":{"line":61,"column":51}},"26":{"start":{"line":62,"column":2},"end":{"line":62,"column":34}},"27":{"start":{"line":63,"column":2},"end":{"line":63,"column":17}},"28":{"start":{"line":812,"column":2},"end":{"line":812,"column":20}},"29":{"start":{"line":66,"column":24},"end":{"line":81,"column":1}},"30":{"start":{"line":67,"column":14},"end":{"line":75,"column":null}},"31":{"start":{"line":77,"column":18},"end":{"line":77,"column":48}},"32":{"start":{"line":78,"column":2},"end":{"line":78,"column":43}},"33":{"start":{"line":79,"column":2},"end":{"line":79,"column":71}},"34":{"start":{"line":80,"column":2},"end":{"line":80,"column":17}},"35":{"start":{"line":814,"column":2},"end":{"line":814,"column":17}},"36":{"start":{"line":83,"column":24},"end":{"line":98,"column":1}},"37":{"start":{"line":84,"column":14},"end":{"line":92,"column":null}},"38":{"start":{"line":94,"column":18},"end":{"line":94,"column":48}},"39":{"start":{"line":95,"column":2},"end":{"line":95,"column":44}},"40":{"start":{"line":96,"column":2},"end":{"line":96,"column":71}},"41":{"start":{"line":97,"column":2},"end":{"line":97,"column":17}},"42":{"start":{"line":813,"column":2},"end":{"line":813,"column":17}},"43":{"start":{"line":100,"column":26},"end":{"line":114,"column":1}},"44":{"start":{"line":101,"column":14},"end":{"line":109,"column":null}},"45":{"start":{"line":111,"column":18},"end":{"line":111,"column":51}},"46":{"start":{"line":112,"column":2},"end":{"line":112,"column":34}},"47":{"start":{"line":113,"column":2},"end":{"line":113,"column":17}},"48":{"start":{"line":815,"column":2},"end":{"line":815,"column":19}},"49":{"start":{"line":117,"column":24},"end":{"line":132,"column":1}},"50":{"start":{"line":118,"column":14},"end":{"line":126,"column":null}},"51":{"start":{"line":128,"column":18},"end":{"line":128,"column":48}},"52":{"start":{"line":129,"column":2},"end":{"line":129,"column":43}},"53":{"start":{"line":130,"column":2},"end":{"line":130,"column":71}},"54":{"start":{"line":131,"column":2},"end":{"line":131,"column":17}},"55":{"start":{"line":817,"column":2},"end":{"line":817,"column":17}},"56":{"start":{"line":134,"column":24},"end":{"line":149,"column":1}},"57":{"start":{"line":135,"column":14},"end":{"line":143,"column":null}},"58":{"start":{"line":145,"column":18},"end":{"line":145,"column":48}},"59":{"start":{"line":146,"column":2},"end":{"line":146,"column":44}},"60":{"start":{"line":147,"column":2},"end":{"line":147,"column":71}},"61":{"start":{"line":148,"column":2},"end":{"line":148,"column":17}},"62":{"start":{"line":816,"column":2},"end":{"line":816,"column":17}},"63":{"start":{"line":155,"column":27},"end":{"line":170,"column":1}},"64":{"start":{"line":156,"column":14},"end":{"line":164,"column":null}},"65":{"start":{"line":166,"column":18},"end":{"line":166,"column":48}},"66":{"start":{"line":167,"column":2},"end":{"line":167,"column":43}},"67":{"start":{"line":168,"column":2},"end":{"line":168,"column":71}},"68":{"start":{"line":169,"column":2},"end":{"line":169,"column":17}},"69":{"start":{"line":818,"column":2},"end":{"line":818,"column":20}},"70":{"start":{"line":172,"column":27},"end":{"line":187,"column":1}},"71":{"start":{"line":173,"column":14},"end":{"line":181,"column":null}},"72":{"start":{"line":183,"column":18},"end":{"line":183,"column":48}},"73":{"start":{"line":184,"column":2},"end":{"line":184,"column":44}},"74":{"start":{"line":185,"column":2},"end":{"line":185,"column":71}},"75":{"start":{"line":186,"column":2},"end":{"line":186,"column":17}},"76":{"start":{"line":819,"column":2},"end":{"line":819,"column":20}},"77":{"start":{"line":191,"column":25},"end":{"line":205,"column":1}},"78":{"start":{"line":192,"column":14},"end":{"line":200,"column":null}},"79":{"start":{"line":202,"column":18},"end":{"line":202,"column":51}},"80":{"start":{"line":203,"column":2},"end":{"line":203,"column":34}},"81":{"start":{"line":204,"column":2},"end":{"line":204,"column":17}},"82":{"start":{"line":821,"column":2},"end":{"line":821,"column":18}},"83":{"start":{"line":207,"column":22},"end":{"line":221,"column":1}},"84":{"start":{"line":208,"column":14},"end":{"line":216,"column":null}},"85":{"start":{"line":218,"column":18},"end":{"line":218,"column":51}},"86":{"start":{"line":219,"column":2},"end":{"line":219,"column":34}},"87":{"start":{"line":220,"column":2},"end":{"line":220,"column":17}},"88":{"start":{"line":822,"column":2},"end":{"line":822,"column":15}},"89":{"start":{"line":223,"column":23},"end":{"line":238,"column":1}},"90":{"start":{"line":224,"column":14},"end":{"line":233,"column":null}},"91":{"start":{"line":235,"column":18},"end":{"line":235,"column":51}},"92":{"start":{"line":236,"column":2},"end":{"line":236,"column":34}},"93":{"start":{"line":237,"column":2},"end":{"line":237,"column":17}},"94":{"start":{"line":823,"column":2},"end":{"line":823,"column":16}},"95":{"start":{"line":240,"column":37},"end":{"line":254,"column":1}},"96":{"start":{"line":241,"column":14},"end":{"line":249,"column":null}},"97":{"start":{"line":251,"column":18},"end":{"line":251,"column":51}},"98":{"start":{"line":252,"column":2},"end":{"line":252,"column":34}},"99":{"start":{"line":253,"column":2},"end":{"line":253,"column":17}},"100":{"start":{"line":824,"column":2},"end":{"line":824,"column":30}},"101":{"start":{"line":256,"column":30},"end":{"line":270,"column":1}},"102":{"start":{"line":257,"column":14},"end":{"line":265,"column":null}},"103":{"start":{"line":267,"column":18},"end":{"line":267,"column":51}},"104":{"start":{"line":268,"column":2},"end":{"line":268,"column":34}},"105":{"start":{"line":269,"column":2},"end":{"line":269,"column":17}},"106":{"start":{"line":825,"column":2},"end":{"line":825,"column":23}},"107":{"start":{"line":273,"column":28},"end":{"line":287,"column":1}},"108":{"start":{"line":274,"column":14},"end":{"line":282,"column":null}},"109":{"start":{"line":284,"column":18},"end":{"line":284,"column":51}},"110":{"start":{"line":285,"column":2},"end":{"line":285,"column":34}},"111":{"start":{"line":286,"column":2},"end":{"line":286,"column":17}},"112":{"start":{"line":827,"column":2},"end":{"line":827,"column":21}},"113":{"start":{"line":289,"column":26},"end":{"line":304,"column":1}},"114":{"start":{"line":290,"column":14},"end":{"line":299,"column":null}},"115":{"start":{"line":301,"column":18},"end":{"line":301,"column":51}},"116":{"start":{"line":302,"column":2},"end":{"line":302,"column":34}},"117":{"start":{"line":303,"column":2},"end":{"line":303,"column":17}},"118":{"start":{"line":828,"column":2},"end":{"line":828,"column":19}},"119":{"start":{"line":306,"column":33},"end":{"line":321,"column":1}},"120":{"start":{"line":307,"column":14},"end":{"line":316,"column":null}},"121":{"start":{"line":318,"column":18},"end":{"line":318,"column":51}},"122":{"start":{"line":319,"column":2},"end":{"line":319,"column":34}},"123":{"start":{"line":320,"column":2},"end":{"line":320,"column":17}},"124":{"start":{"line":829,"column":2},"end":{"line":829,"column":26}},"125":{"start":{"line":323,"column":27},"end":{"line":337,"column":1}},"126":{"start":{"line":324,"column":14},"end":{"line":332,"column":null}},"127":{"start":{"line":334,"column":18},"end":{"line":334,"column":51}},"128":{"start":{"line":335,"column":2},"end":{"line":335,"column":34}},"129":{"start":{"line":336,"column":2},"end":{"line":336,"column":17}},"130":{"start":{"line":830,"column":2},"end":{"line":830,"column":20}},"131":{"start":{"line":339,"column":26},"end":{"line":354,"column":1}},"132":{"start":{"line":340,"column":14},"end":{"line":349,"column":null}},"133":{"start":{"line":351,"column":18},"end":{"line":351,"column":51}},"134":{"start":{"line":352,"column":2},"end":{"line":352,"column":34}},"135":{"start":{"line":353,"column":2},"end":{"line":353,"column":17}},"136":{"start":{"line":831,"column":2},"end":{"line":831,"column":19}},"137":{"start":{"line":356,"column":30},"end":{"line":371,"column":1}},"138":{"start":{"line":357,"column":14},"end":{"line":366,"column":null}},"139":{"start":{"line":368,"column":18},"end":{"line":368,"column":51}},"140":{"start":{"line":369,"column":2},"end":{"line":369,"column":34}},"141":{"start":{"line":370,"column":2},"end":{"line":370,"column":17}},"142":{"start":{"line":826,"column":2},"end":{"line":826,"column":23}},"143":{"start":{"line":373,"column":27},"end":{"line":388,"column":1}},"144":{"start":{"line":374,"column":14},"end":{"line":383,"column":null}},"145":{"start":{"line":385,"column":18},"end":{"line":385,"column":51}},"146":{"start":{"line":386,"column":2},"end":{"line":386,"column":34}},"147":{"start":{"line":387,"column":2},"end":{"line":387,"column":17}},"148":{"start":{"line":832,"column":2},"end":{"line":832,"column":20}},"149":{"start":{"line":391,"column":29},"end":{"line":405,"column":1}},"150":{"start":{"line":392,"column":14},"end":{"line":400,"column":null}},"151":{"start":{"line":402,"column":18},"end":{"line":402,"column":51}},"152":{"start":{"line":403,"column":2},"end":{"line":403,"column":34}},"153":{"start":{"line":404,"column":2},"end":{"line":404,"column":17}},"154":{"start":{"line":833,"column":2},"end":{"line":833,"column":22}},"155":{"start":{"line":407,"column":26},"end":{"line":421,"column":1}},"156":{"start":{"line":408,"column":14},"end":{"line":416,"column":null}},"157":{"start":{"line":418,"column":18},"end":{"line":418,"column":51}},"158":{"start":{"line":419,"column":2},"end":{"line":419,"column":34}},"159":{"start":{"line":420,"column":2},"end":{"line":420,"column":17}},"160":{"start":{"line":834,"column":2},"end":{"line":834,"column":19}},"161":{"start":{"line":423,"column":29},"end":{"line":438,"column":1}},"162":{"start":{"line":424,"column":14},"end":{"line":433,"column":null}},"163":{"start":{"line":435,"column":18},"end":{"line":435,"column":51}},"164":{"start":{"line":436,"column":2},"end":{"line":436,"column":34}},"165":{"start":{"line":437,"column":2},"end":{"line":437,"column":17}},"166":{"start":{"line":835,"column":2},"end":{"line":835,"column":22}},"167":{"start":{"line":444,"column":21},"end":{"line":459,"column":1}},"168":{"start":{"line":445,"column":14},"end":{"line":454,"column":null}},"169":{"start":{"line":456,"column":18},"end":{"line":456,"column":51}},"170":{"start":{"line":457,"column":2},"end":{"line":457,"column":34}},"171":{"start":{"line":458,"column":2},"end":{"line":458,"column":17}},"172":{"start":{"line":836,"column":2},"end":{"line":836,"column":14}},"173":{"start":{"line":461,"column":21},"end":{"line":475,"column":1}},"174":{"start":{"line":462,"column":14},"end":{"line":470,"column":null}},"175":{"start":{"line":472,"column":18},"end":{"line":472,"column":51}},"176":{"start":{"line":473,"column":2},"end":{"line":473,"column":34}},"177":{"start":{"line":474,"column":2},"end":{"line":474,"column":17}},"178":{"start":{"line":837,"column":2},"end":{"line":837,"column":14}},"179":{"start":{"line":477,"column":18},"end":{"line":491,"column":1}},"180":{"start":{"line":478,"column":14},"end":{"line":486,"column":null}},"181":{"start":{"line":488,"column":18},"end":{"line":488,"column":51}},"182":{"start":{"line":489,"column":2},"end":{"line":489,"column":34}},"183":{"start":{"line":490,"column":2},"end":{"line":490,"column":17}},"184":{"start":{"line":838,"column":2},"end":{"line":838,"column":11}},"185":{"start":{"line":493,"column":22},"end":{"line":508,"column":1}},"186":{"start":{"line":494,"column":14},"end":{"line":503,"column":null}},"187":{"start":{"line":505,"column":18},"end":{"line":505,"column":51}},"188":{"start":{"line":506,"column":2},"end":{"line":506,"column":34}},"189":{"start":{"line":507,"column":2},"end":{"line":507,"column":17}},"190":{"start":{"line":840,"column":2},"end":{"line":840,"column":15}},"191":{"start":{"line":510,"column":23},"end":{"line":525,"column":1}},"192":{"start":{"line":511,"column":14},"end":{"line":520,"column":null}},"193":{"start":{"line":522,"column":18},"end":{"line":522,"column":51}},"194":{"start":{"line":523,"column":2},"end":{"line":523,"column":34}},"195":{"start":{"line":524,"column":2},"end":{"line":524,"column":17}},"196":{"start":{"line":839,"column":2},"end":{"line":839,"column":16}},"197":{"start":{"line":527,"column":24},"end":{"line":541,"column":1}},"198":{"start":{"line":528,"column":14},"end":{"line":536,"column":null}},"199":{"start":{"line":538,"column":18},"end":{"line":538,"column":51}},"200":{"start":{"line":539,"column":2},"end":{"line":539,"column":34}},"201":{"start":{"line":540,"column":2},"end":{"line":540,"column":17}},"202":{"start":{"line":842,"column":2},"end":{"line":842,"column":17}},"203":{"start":{"line":544,"column":25},"end":{"line":558,"column":1}},"204":{"start":{"line":545,"column":14},"end":{"line":553,"column":null}},"205":{"start":{"line":555,"column":18},"end":{"line":555,"column":51}},"206":{"start":{"line":556,"column":2},"end":{"line":556,"column":34}},"207":{"start":{"line":557,"column":2},"end":{"line":557,"column":17}},"208":{"start":{"line":841,"column":2},"end":{"line":841,"column":18}},"209":{"start":{"line":560,"column":22},"end":{"line":574,"column":1}},"210":{"start":{"line":561,"column":14},"end":{"line":569,"column":null}},"211":{"start":{"line":571,"column":18},"end":{"line":571,"column":51}},"212":{"start":{"line":572,"column":2},"end":{"line":572,"column":34}},"213":{"start":{"line":573,"column":2},"end":{"line":573,"column":17}},"214":{"start":{"line":843,"column":2},"end":{"line":843,"column":15}},"215":{"start":{"line":576,"column":32},"end":{"line":590,"column":1}},"216":{"start":{"line":577,"column":14},"end":{"line":585,"column":null}},"217":{"start":{"line":587,"column":18},"end":{"line":587,"column":51}},"218":{"start":{"line":588,"column":2},"end":{"line":588,"column":34}},"219":{"start":{"line":589,"column":2},"end":{"line":589,"column":17}},"220":{"start":{"line":844,"column":2},"end":{"line":844,"column":25}},"221":{"start":{"line":592,"column":33},"end":{"line":606,"column":1}},"222":{"start":{"line":593,"column":14},"end":{"line":601,"column":null}},"223":{"start":{"line":603,"column":18},"end":{"line":603,"column":51}},"224":{"start":{"line":604,"column":2},"end":{"line":604,"column":34}},"225":{"start":{"line":605,"column":2},"end":{"line":605,"column":17}},"226":{"start":{"line":845,"column":2},"end":{"line":845,"column":26}},"227":{"start":{"line":608,"column":34},"end":{"line":622,"column":1}},"228":{"start":{"line":609,"column":14},"end":{"line":617,"column":null}},"229":{"start":{"line":619,"column":18},"end":{"line":619,"column":51}},"230":{"start":{"line":620,"column":2},"end":{"line":620,"column":34}},"231":{"start":{"line":621,"column":2},"end":{"line":621,"column":17}},"232":{"start":{"line":846,"column":2},"end":{"line":846,"column":27}},"233":{"start":{"line":625,"column":26},"end":{"line":640,"column":1}},"234":{"start":{"line":626,"column":14},"end":{"line":635,"column":null}},"235":{"start":{"line":637,"column":18},"end":{"line":637,"column":51}},"236":{"start":{"line":638,"column":2},"end":{"line":638,"column":34}},"237":{"start":{"line":639,"column":2},"end":{"line":639,"column":17}},"238":{"start":{"line":847,"column":2},"end":{"line":847,"column":19}},"239":{"start":{"line":642,"column":28},"end":{"line":657,"column":1}},"240":{"start":{"line":643,"column":14},"end":{"line":652,"column":null}},"241":{"start":{"line":654,"column":18},"end":{"line":654,"column":51}},"242":{"start":{"line":655,"column":2},"end":{"line":655,"column":34}},"243":{"start":{"line":656,"column":2},"end":{"line":656,"column":17}},"244":{"start":{"line":848,"column":2},"end":{"line":848,"column":21}},"245":{"start":{"line":659,"column":25},"end":{"line":674,"column":1}},"246":{"start":{"line":660,"column":14},"end":{"line":669,"column":null}},"247":{"start":{"line":671,"column":18},"end":{"line":671,"column":51}},"248":{"start":{"line":672,"column":2},"end":{"line":672,"column":34}},"249":{"start":{"line":673,"column":2},"end":{"line":673,"column":17}},"250":{"start":{"line":849,"column":2},"end":{"line":849,"column":18}},"251":{"start":{"line":676,"column":30},"end":{"line":691,"column":1}},"252":{"start":{"line":677,"column":14},"end":{"line":686,"column":null}},"253":{"start":{"line":688,"column":18},"end":{"line":688,"column":51}},"254":{"start":{"line":689,"column":2},"end":{"line":689,"column":34}},"255":{"start":{"line":690,"column":2},"end":{"line":690,"column":17}},"256":{"start":{"line":850,"column":2},"end":{"line":850,"column":23}},"257":{"start":{"line":696,"column":28},"end":{"line":711,"column":1}},"258":{"start":{"line":697,"column":14},"end":{"line":706,"column":null}},"259":{"start":{"line":708,"column":18},"end":{"line":708,"column":51}},"260":{"start":{"line":709,"column":2},"end":{"line":709,"column":34}},"261":{"start":{"line":710,"column":2},"end":{"line":710,"column":17}},"262":{"start":{"line":851,"column":2},"end":{"line":851,"column":21}},"263":{"start":{"line":713,"column":25},"end":{"line":728,"column":1}},"264":{"start":{"line":714,"column":14},"end":{"line":723,"column":null}},"265":{"start":{"line":725,"column":18},"end":{"line":725,"column":51}},"266":{"start":{"line":726,"column":2},"end":{"line":726,"column":34}},"267":{"start":{"line":727,"column":2},"end":{"line":727,"column":17}},"268":{"start":{"line":852,"column":2},"end":{"line":852,"column":18}},"269":{"start":{"line":730,"column":23},"end":{"line":745,"column":1}},"270":{"start":{"line":731,"column":14},"end":{"line":740,"column":null}},"271":{"start":{"line":742,"column":18},"end":{"line":742,"column":51}},"272":{"start":{"line":743,"column":2},"end":{"line":743,"column":34}},"273":{"start":{"line":744,"column":2},"end":{"line":744,"column":17}},"274":{"start":{"line":853,"column":2},"end":{"line":853,"column":16}},"275":{"start":{"line":747,"column":25},"end":{"line":762,"column":1}},"276":{"start":{"line":748,"column":14},"end":{"line":757,"column":null}},"277":{"start":{"line":759,"column":18},"end":{"line":759,"column":51}},"278":{"start":{"line":760,"column":2},"end":{"line":760,"column":34}},"279":{"start":{"line":761,"column":2},"end":{"line":761,"column":17}},"280":{"start":{"line":854,"column":2},"end":{"line":854,"column":18}},"281":{"start":{"line":764,"column":27},"end":{"line":779,"column":1}},"282":{"start":{"line":765,"column":14},"end":{"line":774,"column":null}},"283":{"start":{"line":776,"column":18},"end":{"line":776,"column":51}},"284":{"start":{"line":777,"column":2},"end":{"line":777,"column":34}},"285":{"start":{"line":778,"column":2},"end":{"line":778,"column":17}},"286":{"start":{"line":855,"column":2},"end":{"line":855,"column":20}},"287":{"start":{"line":782,"column":20},"end":{"line":796,"column":1}},"288":{"start":{"line":783,"column":14},"end":{"line":791,"column":null}},"289":{"start":{"line":793,"column":18},"end":{"line":793,"column":51}},"290":{"start":{"line":794,"column":2},"end":{"line":794,"column":34}},"291":{"start":{"line":795,"column":2},"end":{"line":795,"column":17}},"292":{"start":{"line":856,"column":2},"end":{"line":856,"column":13}},"293":{"start":{"line":799,"column":22},"end":{"line":807,"column":1}},"294":{"start":{"line":800,"column":14},"end":{"line":802,"column":null}},"295":{"start":{"line":804,"column":18},"end":{"line":804,"column":51}},"296":{"start":{"line":805,"column":2},"end":{"line":805,"column":34}},"297":{"start":{"line":806,"column":2},"end":{"line":806,"column":17}},"298":{"start":{"line":857,"column":2},"end":{"line":857,"column":15}}},"fnMap":{"0":{"name":"(anonymous_1)","decl":{"start":{"line":14,"column":25},"end":{"line":14,"column":26}},"loc":{"start":{"line":14,"column":72},"end":{"line":30,"column":1}}},"1":{"name":"(anonymous_2)","decl":{"start":{"line":31,"column":25},"end":{"line":31,"column":26}},"loc":{"start":{"line":31,"column":72},"end":{"line":47,"column":1}}},"2":{"name":"(anonymous_3)","decl":{"start":{"line":49,"column":27},"end":{"line":49,"column":28}},"loc":{"start":{"line":49,"column":73},"end":{"line":64,"column":1}}},"3":{"name":"(anonymous_4)","decl":{"start":{"line":66,"column":24},"end":{"line":66,"column":25}},"loc":{"start":{"line":66,"column":68},"end":{"line":81,"column":1}}},"4":{"name":"(anonymous_5)","decl":{"start":{"line":83,"column":24},"end":{"line":83,"column":25}},"loc":{"start":{"line":83,"column":68},"end":{"line":98,"column":1}}},"5":{"name":"(anonymous_6)","decl":{"start":{"line":100,"column":26},"end":{"line":100,"column":27}},"loc":{"start":{"line":100,"column":70},"end":{"line":114,"column":1}}},"6":{"name":"(anonymous_7)","decl":{"start":{"line":117,"column":24},"end":{"line":117,"column":25}},"loc":{"start":{"line":117,"column":68},"end":{"line":132,"column":1}}},"7":{"name":"(anonymous_8)","decl":{"start":{"line":134,"column":24},"end":{"line":134,"column":25}},"loc":{"start":{"line":134,"column":68},"end":{"line":149,"column":1}}},"8":{"name":"(anonymous_9)","decl":{"start":{"line":155,"column":27},"end":{"line":155,"column":28}},"loc":{"start":{"line":155,"column":71},"end":{"line":170,"column":1}}},"9":{"name":"(anonymous_10)","decl":{"start":{"line":172,"column":27},"end":{"line":172,"column":28}},"loc":{"start":{"line":172,"column":71},"end":{"line":187,"column":1}}},"10":{"name":"(anonymous_11)","decl":{"start":{"line":191,"column":25},"end":{"line":191,"column":26}},"loc":{"start":{"line":191,"column":56},"end":{"line":205,"column":1}}},"11":{"name":"(anonymous_12)","decl":{"start":{"line":207,"column":22},"end":{"line":207,"column":23}},"loc":{"start":{"line":207,"column":53},"end":{"line":221,"column":1}}},"12":{"name":"(anonymous_13)","decl":{"start":{"line":223,"column":23},"end":{"line":223,"column":24}},"loc":{"start":{"line":223,"column":69},"end":{"line":238,"column":1}}},"13":{"name":"(anonymous_14)","decl":{"start":{"line":240,"column":37},"end":{"line":240,"column":38}},"loc":{"start":{"line":240,"column":68},"end":{"line":254,"column":1}}},"14":{"name":"(anonymous_15)","decl":{"start":{"line":256,"column":30},"end":{"line":256,"column":31}},"loc":{"start":{"line":256,"column":61},"end":{"line":270,"column":1}}},"15":{"name":"(anonymous_16)","decl":{"start":{"line":273,"column":28},"end":{"line":273,"column":29}},"loc":{"start":{"line":273,"column":72},"end":{"line":287,"column":1}}},"16":{"name":"(anonymous_17)","decl":{"start":{"line":289,"column":26},"end":{"line":289,"column":27}},"loc":{"start":{"line":289,"column":72},"end":{"line":304,"column":1}}},"17":{"name":"(anonymous_18)","decl":{"start":{"line":306,"column":33},"end":{"line":306,"column":34}},"loc":{"start":{"line":306,"column":79},"end":{"line":321,"column":1}}},"18":{"name":"(anonymous_19)","decl":{"start":{"line":323,"column":27},"end":{"line":323,"column":28}},"loc":{"start":{"line":323,"column":71},"end":{"line":337,"column":1}}},"19":{"name":"(anonymous_20)","decl":{"start":{"line":339,"column":26},"end":{"line":339,"column":27}},"loc":{"start":{"line":339,"column":72},"end":{"line":354,"column":1}}},"20":{"name":"(anonymous_21)","decl":{"start":{"line":356,"column":30},"end":{"line":356,"column":31}},"loc":{"start":{"line":356,"column":76},"end":{"line":371,"column":1}}},"21":{"name":"(anonymous_22)","decl":{"start":{"line":373,"column":27},"end":{"line":373,"column":28}},"loc":{"start":{"line":373,"column":73},"end":{"line":388,"column":1}}},"22":{"name":"(anonymous_23)","decl":{"start":{"line":391,"column":29},"end":{"line":391,"column":30}},"loc":{"start":{"line":391,"column":73},"end":{"line":405,"column":1}}},"23":{"name":"(anonymous_24)","decl":{"start":{"line":407,"column":26},"end":{"line":407,"column":27}},"loc":{"start":{"line":407,"column":70},"end":{"line":421,"column":1}}},"24":{"name":"(anonymous_25)","decl":{"start":{"line":423,"column":29},"end":{"line":423,"column":30}},"loc":{"start":{"line":423,"column":75},"end":{"line":438,"column":1}}},"25":{"name":"(anonymous_26)","decl":{"start":{"line":444,"column":21},"end":{"line":444,"column":22}},"loc":{"start":{"line":444,"column":67},"end":{"line":459,"column":1}}},"26":{"name":"(anonymous_27)","decl":{"start":{"line":461,"column":21},"end":{"line":461,"column":22}},"loc":{"start":{"line":461,"column":65},"end":{"line":475,"column":1}}},"27":{"name":"(anonymous_28)","decl":{"start":{"line":477,"column":18},"end":{"line":477,"column":19}},"loc":{"start":{"line":477,"column":62},"end":{"line":491,"column":1}}},"28":{"name":"(anonymous_29)","decl":{"start":{"line":493,"column":22},"end":{"line":493,"column":23}},"loc":{"start":{"line":493,"column":68},"end":{"line":508,"column":1}}},"29":{"name":"(anonymous_30)","decl":{"start":{"line":510,"column":23},"end":{"line":510,"column":24}},"loc":{"start":{"line":510,"column":67},"end":{"line":525,"column":1}}},"30":{"name":"(anonymous_31)","decl":{"start":{"line":527,"column":24},"end":{"line":527,"column":25}},"loc":{"start":{"line":527,"column":68},"end":{"line":541,"column":1}}},"31":{"name":"(anonymous_32)","decl":{"start":{"line":544,"column":25},"end":{"line":544,"column":26}},"loc":{"start":{"line":544,"column":69},"end":{"line":558,"column":1}}},"32":{"name":"(anonymous_33)","decl":{"start":{"line":560,"column":22},"end":{"line":560,"column":23}},"loc":{"start":{"line":560,"column":66},"end":{"line":574,"column":1}}},"33":{"name":"(anonymous_34)","decl":{"start":{"line":576,"column":32},"end":{"line":576,"column":33}},"loc":{"start":{"line":576,"column":76},"end":{"line":590,"column":1}}},"34":{"name":"(anonymous_35)","decl":{"start":{"line":592,"column":33},"end":{"line":592,"column":34}},"loc":{"start":{"line":592,"column":77},"end":{"line":606,"column":1}}},"35":{"name":"(anonymous_36)","decl":{"start":{"line":608,"column":34},"end":{"line":608,"column":35}},"loc":{"start":{"line":608,"column":78},"end":{"line":622,"column":1}}},"36":{"name":"(anonymous_37)","decl":{"start":{"line":625,"column":26},"end":{"line":625,"column":27}},"loc":{"start":{"line":625,"column":72},"end":{"line":640,"column":1}}},"37":{"name":"(anonymous_38)","decl":{"start":{"line":642,"column":28},"end":{"line":642,"column":29}},"loc":{"start":{"line":642,"column":74},"end":{"line":657,"column":1}}},"38":{"name":"(anonymous_39)","decl":{"start":{"line":659,"column":25},"end":{"line":659,"column":26}},"loc":{"start":{"line":659,"column":69},"end":{"line":674,"column":1}}},"39":{"name":"(anonymous_40)","decl":{"start":{"line":676,"column":30},"end":{"line":676,"column":31}},"loc":{"start":{"line":676,"column":74},"end":{"line":691,"column":1}}},"40":{"name":"(anonymous_41)","decl":{"start":{"line":696,"column":28},"end":{"line":696,"column":29}},"loc":{"start":{"line":696,"column":74},"end":{"line":711,"column":1}}},"41":{"name":"(anonymous_42)","decl":{"start":{"line":713,"column":25},"end":{"line":713,"column":26}},"loc":{"start":{"line":713,"column":71},"end":{"line":728,"column":1}}},"42":{"name":"(anonymous_43)","decl":{"start":{"line":730,"column":23},"end":{"line":730,"column":24}},"loc":{"start":{"line":730,"column":69},"end":{"line":745,"column":1}}},"43":{"name":"(anonymous_44)","decl":{"start":{"line":747,"column":25},"end":{"line":747,"column":26}},"loc":{"start":{"line":747,"column":71},"end":{"line":762,"column":1}}},"44":{"name":"(anonymous_45)","decl":{"start":{"line":764,"column":27},"end":{"line":764,"column":28}},"loc":{"start":{"line":764,"column":73},"end":{"line":779,"column":1}}},"45":{"name":"(anonymous_46)","decl":{"start":{"line":782,"column":20},"end":{"line":782,"column":21}},"loc":{"start":{"line":782,"column":64},"end":{"line":796,"column":1}}},"46":{"name":"(anonymous_47)","decl":{"start":{"line":799,"column":22},"end":{"line":799,"column":23}},"loc":{"start":{"line":799,"column":39},"end":{"line":807,"column":1}}}},"branchMap":{},"s":{"0":1,"1":1,"2":1,"3":1,"4":1,"5":1,"6":1,"7":1,"8":1,"9":1,"10":36,"11":36,"12":36,"13":36,"14":36,"15":1,"16":1,"17":18,"18":18,"19":18,"20":18,"21":18,"22":1,"23":1,"24":7,"25":7,"26":7,"27":7,"28":1,"29":1,"30":1,"31":1,"32":1,"33":1,"34":1,"35":1,"36":1,"37":2,"38":2,"39":2,"40":2,"41":2,"42":1,"43":1,"44":1,"45":1,"46":1,"47":1,"48":1,"49":1,"50":2,"51":2,"52":2,"53":2,"54":2,"55":1,"56":1,"57":2,"58":2,"59":2,"60":2,"61":2,"62":1,"63":1,"64":1,"65":1,"66":1,"67":1,"68":1,"69":1,"70":1,"71":2,"72":2,"73":2,"74":2,"75":2,"76":1,"77":1,"78":272,"79":272,"80":272,"81":272,"82":1,"83":1,"84":0,"85":0,"86":0,"87":0,"88":1,"89":1,"90":13,"91":13,"92":13,"93":13,"94":1,"95":1,"96":0,"97":0,"98":0,"99":0,"100":1,"101":1,"102":0,"103":0,"104":0,"105":0,"106":1,"107":1,"108":0,"109":0,"110":0,"111":0,"112":1,"113":1,"114":5,"115":5,"116":5,"117":5,"118":1,"119":1,"120":0,"121":0,"122":0,"123":0,"124":1,"125":1,"126":2,"127":2,"128":2,"129":2,"130":1,"131":1,"132":0,"133":0,"134":0,"135":0,"136":1,"137":1,"138":0,"139":0,"140":0,"141":0,"142":1,"143":1,"144":0,"145":0,"146":0,"147":0,"148":1,"149":1,"150":0,"151":0,"152":0,"153":0,"154":1,"155":1,"156":0,"157":0,"158":0,"159":0,"160":1,"161":1,"162":93,"163":93,"164":93,"165":93,"166":1,"167":1,"168":28,"169":28,"170":28,"171":28,"172":1,"173":1,"174":0,"175":0,"176":0,"177":0,"178":1,"179":1,"180":0,"181":0,"182":0,"183":0,"184":1,"185":1,"186":0,"187":0,"188":0,"189":0,"190":1,"191":1,"192":0,"193":0,"194":0,"195":0,"196":1,"197":1,"198":0,"199":0,"200":0,"201":0,"202":1,"203":1,"204":0,"205":0,"206":0,"207":0,"208":1,"209":1,"210":0,"211":0,"212":0,"213":0,"214":1,"215":1,"216":0,"217":0,"218":0,"219":0,"220":1,"221":1,"222":0,"223":0,"224":0,"225":0,"226":1,"227":1,"228":0,"229":0,"230":0,"231":0,"232":1,"233":1,"234":36,"235":36,"236":36,"237":36,"238":1,"239":1,"240":16,"241":16,"242":16,"243":16,"244":1,"245":1,"246":5,"247":5,"248":5,"249":5,"250":1,"251":1,"252":1,"253":1,"254":1,"255":1,"256":1,"257":1,"258":0,"259":0,"260":0,"261":0,"262":1,"263":1,"264":6,"265":6,"266":6,"267":6,"268":1,"269":1,"270":9,"271":9,"272":9,"273":9,"274":1,"275":1,"276":4,"277":4,"278":4,"279":4,"280":1,"281":1,"282":4,"283":4,"284":4,"285":4,"286":1,"287":1,"288":0,"289":0,"290":0,"291":0,"292":1,"293":1,"294":86,"295":86,"296":86,"297":86,"298":1},"f":{"0":36,"1":18,"2":7,"3":1,"4":2,"5":1,"6":2,"7":2,"8":1,"9":2,"10":272,"11":0,"12":13,"13":0,"14":0,"15":0,"16":5,"17":0,"18":2,"19":0,"20":0,"21":0,"22":0,"23":0,"24":93,"25":28,"26":0,"27":0,"28":0,"29":0,"30":0,"31":0,"32":0,"33":0,"34":0,"35":0,"36":36,"37":16,"38":5,"39":1,"40":0,"41":6,"42":9,"43":4,"44":4,"45":0,"46":86},"b":{}}
}
