TN:
SF:src/Tests/helperTest.ts
FN:14,(anonymous_1)
FN:31,(anonymous_2)
FN:49,(anonymous_3)
FN:66,(anonymous_4)
FN:83,(anonymous_5)
FN:100,(anonymous_6)
FN:117,(anonymous_7)
FN:134,(anonymous_8)
FN:155,(anonymous_9)
FN:172,(anonymous_10)
FN:191,(anonymous_11)
FN:207,(anonymous_12)
FN:223,(anonymous_13)
FN:240,(anonymous_14)
FN:256,(anonymous_15)
FN:273,(anonymous_16)
FN:289,(anonymous_17)
FN:306,(anonymous_18)
FN:323,(anonymous_19)
FN:339,(anonymous_20)
FN:356,(anonymous_21)
FN:373,(anonymous_22)
FN:391,(anonymous_23)
FN:407,(anonymous_24)
FN:423,(anonymous_25)
FN:444,(anonymous_26)
FN:461,(anonymous_27)
FN:477,(anonymous_28)
FN:493,(anonymous_29)
FN:510,(anonymous_30)
FN:527,(anonymous_31)
FN:544,(anonymous_32)
FN:560,(anonymous_33)
FN:576,(anonymous_34)
FN:592,(anonymous_35)
FN:608,(anonymous_36)
FN:625,(anonymous_37)
FN:642,(anonymous_38)
FN:659,(anonymous_39)
FN:676,(anonymous_40)
FN:696,(anonymous_41)
FN:713,(anonymous_42)
FN:730,(anonymous_43)
FN:747,(anonymous_44)
FN:764,(anonymous_45)
FN:782,(anonymous_46)
FN:799,(anonymous_47)
FNF:47
FNH:25
FNDA:36,(anonymous_1)
FNDA:18,(anonymous_2)
FNDA:7,(anonymous_3)
FNDA:1,(anonymous_4)
FNDA:2,(anonymous_5)
FNDA:1,(anonymous_6)
FNDA:2,(anonymous_7)
FNDA:2,(anonymous_8)
FNDA:1,(anonymous_9)
FNDA:2,(anonymous_10)
FNDA:272,(anonymous_11)
FNDA:0,(anonymous_12)
FNDA:13,(anonymous_13)
FNDA:0,(anonymous_14)
FNDA:0,(anonymous_15)
FNDA:0,(anonymous_16)
FNDA:5,(anonymous_17)
FNDA:0,(anonymous_18)
FNDA:2,(anonymous_19)
FNDA:0,(anonymous_20)
FNDA:0,(anonymous_21)
FNDA:0,(anonymous_22)
FNDA:0,(anonymous_23)
FNDA:0,(anonymous_24)
FNDA:93,(anonymous_25)
FNDA:28,(anonymous_26)
FNDA:0,(anonymous_27)
FNDA:0,(anonymous_28)
FNDA:0,(anonymous_29)
FNDA:0,(anonymous_30)
FNDA:0,(anonymous_31)
FNDA:0,(anonymous_32)
FNDA:0,(anonymous_33)
FNDA:0,(anonymous_34)
FNDA:0,(anonymous_35)
FNDA:0,(anonymous_36)
FNDA:36,(anonymous_37)
FNDA:16,(anonymous_38)
FNDA:5,(anonymous_39)
FNDA:1,(anonymous_40)
FNDA:0,(anonymous_41)
FNDA:6,(anonymous_42)
FNDA:9,(anonymous_43)
FNDA:4,(anonymous_44)
FNDA:4,(anonymous_45)
FNDA:0,(anonymous_46)
FNDA:86,(anonymous_47)
DA:1,1
DA:2,1
DA:3,1
DA:5,1
DA:6,1
DA:7,1
DA:8,1
DA:9,1
DA:14,1
DA:15,36
DA:26,36
DA:27,36
DA:28,36
DA:29,36
DA:31,1
DA:32,18
DA:43,18
DA:44,18
DA:45,18
DA:46,18
DA:49,1
DA:50,7
DA:61,7
DA:62,7
DA:63,7
DA:66,1
DA:67,1
DA:77,1
DA:78,1
DA:79,1
DA:80,1
DA:83,1
DA:84,2
DA:94,2
DA:95,2
DA:96,2
DA:97,2
DA:100,1
DA:101,1
DA:111,1
DA:112,1
DA:113,1
DA:117,1
DA:118,2
DA:128,2
DA:129,2
DA:130,2
DA:131,2
DA:134,1
DA:135,2
DA:145,2
DA:146,2
DA:147,2
DA:148,2
DA:155,1
DA:156,1
DA:166,1
DA:167,1
DA:168,1
DA:169,1
DA:172,1
DA:173,2
DA:183,2
DA:184,2
DA:185,2
DA:186,2
DA:191,1
DA:192,272
DA:202,272
DA:203,272
DA:204,272
DA:207,1
DA:208,0
DA:218,0
DA:219,0
DA:220,0
DA:223,1
DA:224,13
DA:235,13
DA:236,13
DA:237,13
DA:240,1
DA:241,0
DA:251,0
DA:252,0
DA:253,0
DA:256,1
DA:257,0
DA:267,0
DA:268,0
DA:269,0
DA:273,1
DA:274,0
DA:284,0
DA:285,0
DA:286,0
DA:289,1
DA:290,5
DA:301,5
DA:302,5
DA:303,5
DA:306,1
DA:307,0
DA:318,0
DA:319,0
DA:320,0
DA:323,1
DA:324,2
DA:334,2
DA:335,2
DA:336,2
DA:339,1
DA:340,0
DA:351,0
DA:352,0
DA:353,0
DA:356,1
DA:357,0
DA:368,0
DA:369,0
DA:370,0
DA:373,1
DA:374,0
DA:385,0
DA:386,0
DA:387,0
DA:391,1
DA:392,0
DA:402,0
DA:403,0
DA:404,0
DA:407,1
DA:408,0
DA:418,0
DA:419,0
DA:420,0
DA:423,1
DA:424,93
DA:435,93
DA:436,93
DA:437,93
DA:444,1
DA:445,28
DA:456,28
DA:457,28
DA:458,28
DA:461,1
DA:462,0
DA:472,0
DA:473,0
DA:474,0
DA:477,1
DA:478,0
DA:488,0
DA:489,0
DA:490,0
DA:493,1
DA:494,0
DA:505,0
DA:506,0
DA:507,0
DA:510,1
DA:511,0
DA:522,0
DA:523,0
DA:524,0
DA:527,1
DA:528,0
DA:538,0
DA:539,0
DA:540,0
DA:544,1
DA:545,0
DA:555,0
DA:556,0
DA:557,0
DA:560,1
DA:561,0
DA:571,0
DA:572,0
DA:573,0
DA:576,1
DA:577,0
DA:587,0
DA:588,0
DA:589,0
DA:592,1
DA:593,0
DA:603,0
DA:604,0
DA:605,0
DA:608,1
DA:609,0
DA:619,0
DA:620,0
DA:621,0
DA:625,1
DA:626,36
DA:637,36
DA:638,36
DA:639,36
DA:642,1
DA:643,16
DA:654,16
DA:655,16
DA:656,16
DA:659,1
DA:660,5
DA:671,5
DA:672,5
DA:673,5
DA:676,1
DA:677,1
DA:688,1
DA:689,1
DA:690,1
DA:696,1
DA:697,0
DA:708,0
DA:709,0
DA:710,0
DA:713,1
DA:714,6
DA:725,6
DA:726,6
DA:727,6
DA:730,1
DA:731,9
DA:742,9
DA:743,9
DA:744,9
DA:747,1
DA:748,4
DA:759,4
DA:760,4
DA:761,4
DA:764,1
DA:765,4
DA:776,4
DA:777,4
DA:778,4
DA:782,1
DA:783,0
DA:793,0
DA:794,0
DA:795,0
DA:799,1
DA:800,86
DA:804,86
DA:805,86
DA:806,86
DA:810,1
DA:811,1
DA:812,1
DA:813,1
DA:814,1
DA:815,1
DA:816,1
DA:817,1
DA:818,1
DA:819,1
DA:820,1
DA:821,1
DA:822,1
DA:823,1
DA:824,1
DA:825,1
DA:826,1
DA:827,1
DA:828,1
DA:829,1
DA:830,1
DA:831,1
DA:832,1
DA:833,1
DA:834,1
DA:835,1
DA:836,1
DA:837,1
DA:838,1
DA:839,1
DA:840,1
DA:841,1
DA:842,1
DA:843,1
DA:844,1
DA:845,1
DA:846,1
DA:847,1
DA:848,1
DA:849,1
DA:850,1
DA:851,1
DA:852,1
DA:853,1
DA:854,1
DA:855,1
DA:856,1
DA:857,1
LF:299
LH:211
BRF:0
BRH:0
end_of_record
